# JRE version: OpenJDK Runtime Environment (8.0_333-b02) (build 1.8.0_333-b02)
# Java VM: OpenJDK 64-Bit Server VM (25.333-b02 mixed mode windows-amd64 compressed oops)
Heap:
 PSYoungGen      total 137728K, used 92931K [0x000000076b180000, 0x0000000776600000, 0x00000007c0000000)
  eden space 126976K, 65% used [0x000000076b180000,0x000000077033af20,0x0000000772d80000)
  from space 10752K, 85% used [0x0000000772d80000,0x0000000773685d00,0x0000000773800000)
  to   space 10240K, 0% used [0x0000000775c00000,0x0000000775c00000,0x0000000776600000)
 ParOldGen       total 96256K, used 6636K [0x00000006c1400000, 0x00000006c7200000, 0x000000076b180000)
  object space 96256K, 6% used [0x00000006c1400000,0x00000006c1a7b1f8,0x00000006c7200000)
 Metaspace       used 31304K, capacity 34174K, committed 34304K, reserved 1079296K
  class space    used 4110K, capacity 4599K, committed 4608K, reserved 1048576K
GC Heap History (10 events):
Event: 5.136 GC heap before
{Heap before GC invocations=2 (full 0):
 PSYoungGen      total 76288K, used 72404K [0x000000076b180000, 0x0000000770680000, 0x00000007c0000000)
  eden space 65536K, 100% used [0x000000076b180000,0x000000076f180000,0x000000076f180000)
  from space 10752K, 63% used [0x000000076f180000,0x000000076f835188,0x000000076fc00000)
  to   space 10752K, 0% used [0x000000076fc00000,0x000000076fc00000,0x0000000770680000)
 ParOldGen       total 175104K, used 16K [0x00000006c1400000, 0x00000006cbf00000, 0x000000076b180000)
  object space 175104K, 0% used [0x00000006c1400000,0x00000006c1404000,0x00000006cbf00000)
 Metaspace       used 17917K, capacity 19486K, committed 19840K, reserved 1067008K
  class space    used 2336K, capacity 2631K, committed 2688K, reserved 1048576K
Event: 5.171 GC heap after
Heap after GC invocations=2 (full 0):
 PSYoungGen      total 76288K, used 8882K [0x000000076b180000, 0x0000000774680000, 0x00000007c0000000)
  eden space 65536K, 0% used [0x000000076b180000,0x000000076b180000,0x000000076f180000)
  from space 10752K, 82% used [0x000000076fc00000,0x00000007704acb40,0x0000000770680000)
  to   space 10752K, 0% used [0x000000076f180000,0x000000076f180000,0x000000076fc00000)
 ParOldGen       total 175104K, used 24K [0x00000006c1400000, 0x00000006cbf00000, 0x000000076b180000)
  object space 175104K, 0% used [0x00000006c1400000,0x00000006c1406000,0x00000006cbf00000)
 Metaspace       used 17917K, capacity 19486K, committed 19840K, reserved 1067008K
  class space    used 2336K, capacity 2631K, committed 2688K, reserved 1048576K
}
Event: 5.560 GC heap before
{Heap before GC invocations=3 (full 0):
 PSYoungGen      total 76288K, used 26255K [0x000000076b180000, 0x0000000774680000, 0x00000007c0000000)
  eden space 65536K, 26% used [0x000000076b180000,0x000000076c277358,0x000000076f180000)
  from space 10752K, 82% used [0x000000076fc00000,0x00000007704acb40,0x0000000770680000)
  to   space 10752K, 0% used [0x000000076f180000,0x000000076f180000,0x000000076fc00000)
 ParOldGen       total 175104K, used 24K [0x00000006c1400000, 0x00000006cbf00000, 0x000000076b180000)
  object space 175104K, 0% used [0x00000006c1400000,0x00000006c1406000,0x00000006cbf00000)
 Metaspace       used 19634K, capacity 21178K, committed 21248K, reserved 1067008K
  class space    used 2503K, capacity 2809K, committed 2816K, reserved 1048576K
Event: 5.578 GC heap after
Heap after GC invocations=3 (full 0):
 PSYoungGen      total 76288K, used 6780K [0x000000076b180000, 0x0000000774680000, 0x00000007c0000000)
  eden space 65536K, 0% used [0x000000076b180000,0x000000076b180000,0x000000076f180000)
  from space 10752K, 63% used [0x000000076f180000,0x000000076f81f1b0,0x000000076fc00000)
  to   space 10752K, 0% used [0x0000000773c00000,0x0000000773c00000,0x0000000774680000)
 ParOldGen       total 175104K, used 32K [0x00000006c1400000, 0x00000006cbf00000, 0x000000076b180000)
  object space 175104K, 0% used [0x00000006c1400000,0x00000006c1408000,0x00000006cbf00000)
 Metaspace       used 19634K, capacity 21178K, committed 21248K, reserved 1067008K
  class space    used 2503K, capacity 2809K, committed 2816K, reserved 1048576K
}
Event: 5.578 GC heap before
{Heap before GC invocations=4 (full 1):
 PSYoungGen      total 76288K, used 6780K [0x000000076b180000, 0x0000000774680000, 0x00000007c0000000)
  eden space 65536K, 0% used [0x000000076b180000,0x000000076b180000,0x000000076f180000)
  from space 10752K, 63% used [0x000000076f180000,0x000000076f81f1b0,0x000000076fc00000)
  to   space 10752K, 0% used [0x0000000773c00000,0x0000000773c00000,0x0000000774680000)
 ParOldGen       total 175104K, used 32K [0x00000006c1400000, 0x00000006cbf00000, 0x000000076b180000)
  object space 175104K, 0% used [0x00000006c1400000,0x00000006c1408000,0x00000006cbf00000)
 Metaspace       used 19634K, capacity 21178K, committed 21248K, reserved 1067008K
  class space    used 2503K, capacity 2809K, committed 2816K, reserved 1048576K
Event: 5.650 GC heap after
Heap after GC invocations=4 (full 1):
 PSYoungGen      total 76288K, used 0K [0x000000076b180000, 0x0000000774680000, 0x00000007c0000000)
  eden space 65536K, 0% used [0x000000076b180000,0x000000076b180000,0x000000076f180000)
  from space 10752K, 0% used [0x000000076f180000,0x000000076f180000,0x000000076fc00000)
  to   space 10752K, 0% used [0x0000000773c00000,0x0000000773c00000,0x0000000774680000)
 ParOldGen       total 96256K, used 6628K [0x00000006c1400000, 0x00000006c7200000, 0x000000076b180000)
  object space 96256K, 6% used [0x00000006c1400000,0x00000006c1a791f8,0x00000006c7200000)
 Metaspace       used 19634K, capacity 21178K, committed 21248K, reserved 1067008K
  class space    used 2503K, capacity 2809K, committed 2816K, reserved 1048576K
}
Event: 6.676 GC heap before
{Heap before GC invocations=5 (full 1):
 PSYoungGen      total 76288K, used 65536K [0x000000076b180000, 0x0000000774680000, 0x00000007c0000000)
  eden space 65536K, 100% used [0x000000076b180000,0x000000076f180000,0x000000076f180000)
  from space 10752K, 0% used [0x000000076f180000,0x000000076f180000,0x000000076fc00000)
  to   space 10752K, 0% used [0x0000000773c00000,0x0000000773c00000,0x0000000774680000)
 ParOldGen       total 96256K, used 6628K [0x00000006c1400000, 0x00000006c7200000, 0x000000076b180000)
  object space 96256K, 6% used [0x00000006c1400000,0x00000006c1a791f8,0x00000006c7200000)
 Metaspace       used 23812K, capacity 25622K, committed 25728K, reserved 1071104K
  class space    used 3080K, capacity 3429K, committed 3456K, reserved 1048576K
Event: 6.684 GC heap after
Heap after GC invocations=5 (full 1):
 PSYoungGen      total 111616K, used 6643K [0x000000076b180000, 0x0000000774280000, 0x00000007c0000000)
  eden space 104960K, 0% used [0x000000076b180000,0x000000076b180000,0x0000000771800000)
  from space 6656K, 99% used [0x0000000773c00000,0x000000077427cf80,0x0000000774280000)
  to   space 10752K, 0% used [0x0000000772d80000,0x0000000772d80000,0x0000000773800000)
 ParOldGen       total 96256K, used 6628K [0x00000006c1400000, 0x00000006c7200000, 0x000000076b180000)
  object space 96256K, 6% used [0x00000006c1400000,0x00000006c1a791f8,0x00000006c7200000)
 Metaspace       used 23812K, capacity 25622K, committed 25728K, reserved 1071104K
  class space    used 3080K, capacity 3429K, committed 3456K, reserved 1048576K
}
Event: 10.129 GC heap before
{Heap before GC invocations=6 (full 1):
 PSYoungGen      total 111616K, used 111603K [0x000000076b180000, 0x0000000774280000, 0x00000007c0000000)
  eden space 104960K, 100% used [0x000000076b180000,0x0000000771800000,0x0000000771800000)
  from space 6656K, 99% used [0x0000000773c00000,0x000000077427cf80,0x0000000774280000)
  to   space 10752K, 0% used [0x0000000772d80000,0x0000000772d80000,0x0000000773800000)
 ParOldGen       total 96256K, used 6628K [0x00000006c1400000, 0x00000006c7200000, 0x000000076b180000)
  object space 96256K, 6% used [0x00000006c1400000,0x00000006c1a791f8,0x00000006c7200000)
 Metaspace       used 29063K, capacity 31660K, committed 32000K, reserved 1077248K
  class space    used 3799K, capacity 4254K, committed 4352K, reserved 1048576K
Event: 10.160 GC heap after
Heap after GC invocations=6 (full 1):
 PSYoungGen      total 137728K, used 9239K [0x000000076b180000, 0x0000000776600000, 0x00000007c0000000)
  eden space 126976K, 0% used [0x000000076b180000,0x000000076b180000,0x0000000772d80000)
  from space 10752K, 85% used [0x0000000772d80000,0x0000000773685d00,0x0000000773800000)
  to   space 10240K, 0% used [0x0000000775c00000,0x0000000775c00000,0x0000000776600000)
 ParOldGen       total 96256K, used 6636K [0x00000006c1400000, 0x00000006c7200000, 0x000000076b180000)
  object space 96256K, 6% used [0x00000006c1400000,0x00000006c1a7b1f8,0x00000006c7200000)
 Metaspace       used 29063K, capacity 31660K, committed 32000K, reserved 1077248K
  class space    used 3799K, capacity 4254K, committed 4352K, reserved 1048576K
}

